#
# A fatal error has been detected by the Java Runtime Environment:
#
#  EXCEPTION_ACCESS_VIOLATION (0xc0000005) at pc=0xffffffffa38d5120, pid=3648, tid=5312
#
# JRE version: Java(TM) SE Runtime Environment (8.0_11-b12) (build 1.8.0_11-b12)
# Java VM: Java HotSpot(TM) 64-Bit Server VM (25.11-b03 mixed mode windows-amd64 compressed oops)
# Problematic frame:
# C  0xffffffffa38d5120
#
# Failed to write core dump. Minidumps are not enabled by default on client versions of Windows
#
# If you would like to submit a bug report, please visit:
#   http://bugreport.sun.com/bugreport/crash.jsp
#

---------------  T H R E A D  ---------------

Current thread (0x0000000016d6a800):  JavaThread "AWT-Windows" daemon [_thread_in_Java, id=5312, stack(0x0000000017550000,0x0000000017650000)]

siginfo: ExceptionCode=0xc0000005, ExceptionInformation=0x0000000000000008 0xffffffffa38d5120

Registers:
RAX=0x000000010001c6f0, RBX=0x00000000146e3238, RCX=0x0000000000000001, RDX=0x00000000eab36ff8
RSP=0x000000001764e438, RBP=0x000000001764e5e8, RSI=0x0000000014929310, RDI=0x0000000000000615
R8 =0x0000000000000001, R9 =0x00000000eab3db28, R10=0x00000000eab3db38, R11=0x0000000000000000
R12=0x0000000000000000, R13=0x00000000000000b0, R14=0x0000000000000619, R15=0x0000000016d6a800
RIP=0xffffffffa38d5120, EFLAGS=0x0000000000010206

Top of Stack: (sp=0x000000001764e438)
0x000000001764e438:   00000000029f0c14 000000001764e440
0x000000001764e448:   0000000014689f88 000000001764e490
0x000000001764e458:   0000000014749e50 0000000014b74790
0x000000001764e468:   0000000014689f90 0000000000000000
0x000000001764e478:   000000001764e490 0000000001000479
0x000000001764e488:   00000000eab36ff8 00000000eab3db28
0x000000001764e498:   00000000eacd9d50 0000007900000001
0x000000001764e4a8:   00000000eab37ff8 0000000014749e50
0x000000001764e4b8:   0000000014b746e8 0000000014689f00
0x000000001764e4c8:   0000000000000000 000000001764e4f0
0x000000001764e4d8:   000000001764e5e8 000000001764e5e8
0x000000001764e4e8:   00000000029f1914 0000000016a106d0
0x000000001764e4f8:   000000005bf59dd4 000000001764e858
0x000000001764e508:   0000000000000006 0000000014b70dd8
0x000000001764e518:   00000000000000b2 0000000000000001
0x000000001764e528:   0000000000000064 0000000000000007 

Instructions: (pc=0xffffffffa38d5120)
0xffffffffa38d5100:   
[error occurred during error reporting (printing registers, top of stack, instructions near pc), id 0xc0000005]

Register to memory mapping:

RAX=0x000000010001c6f0 is an unknown value
RBX=0x00000000146e3238 is an unknown value
RCX=0x0000000000000001 is an unknown value
RDX=0x00000000eab36ff8 is an oop
java.util.HashMap 
 - klass: 'java/util/HashMap'
RSP=0x000000001764e438 is pointing into the stack for thread: 0x0000000016d6a800
RBP=0x000000001764e5e8 is pointing into the stack for thread: 0x0000000016d6a800
RSI=0x0000000014929310 is an unknown value
RDI=0x0000000000000615 is an unknown value
R8 =0x0000000000000001 is an unknown value
R9 =0x00000000eab3db28 is an oop
java.lang.Integer 
 - klass: 'java/lang/Integer'
R10=0x00000000eab3db38 is an oop
java.util.HashMap$Node 
 - klass: 'java/util/HashMap$Node'
R11=0x0000000000000000 is an unknown value
R12=0x0000000000000000 is an unknown value
R13=0x00000000000000b0 is an unknown value
R14=0x0000000000000619 is an unknown value
R15=0x0000000016d6a800 is a thread


Stack: [0x0000000017550000,0x0000000017650000],  sp=0x000000001764e438,  free space=1017k
Native frames: (J=compiled Java code, j=interpreted, Vv=VM code, C=native code)
C  0xffffffffa38d5120


---------------  P R O C E S S  ---------------

Java Threads: ( => current thread )
=>0x0000000016d6a800 JavaThread "AWT-Windows" daemon [_thread_in_Java, id=5312, stack(0x0000000017550000,0x0000000017650000)]
  0x0000000016d67800 JavaThread "AWT-Shutdown" [_thread_blocked, id=7100, stack(0x0000000017450000,0x0000000017550000)]
  0x0000000016d63800 JavaThread "Java2D Disposer" daemon [_thread_blocked, id=936, stack(0x0000000017350000,0x0000000017450000)]
  0x0000000014ff3800 JavaThread "Service Thread" daemon [_thread_blocked, id=3428, stack(0x0000000016810000,0x0000000016910000)]
  0x0000000014feb800 JavaThread "C1 CompilerThread2" daemon [_thread_blocked, id=7120, stack(0x0000000016710000,0x0000000016810000)]
  0x0000000014fe8800 JavaThread "C2 CompilerThread1" daemon [_thread_blocked, id=1724, stack(0x0000000016610000,0x0000000016710000)]
  0x0000000014f9c000 JavaThread "C2 CompilerThread0" daemon [_thread_blocked, id=616, stack(0x0000000016510000,0x0000000016610000)]
  0x0000000014f9b000 JavaThread "Attach Listener" daemon [_thread_blocked, id=7888, stack(0x0000000016410000,0x0000000016510000)]
  0x0000000014f9a000 JavaThread "Signal Dispatcher" daemon [_thread_blocked, id=7216, stack(0x0000000016310000,0x0000000016410000)]
  0x0000000002862800 JavaThread "Finalizer" daemon [_thread_blocked, id=6188, stack(0x0000000016210000,0x0000000016310000)]
  0x0000000002859800 JavaThread "Reference Handler" daemon [_thread_blocked, id=6696, stack(0x0000000016110000,0x0000000016210000)]
  0x0000000002770800 JavaThread "main" [_thread_in_native, id=5348, stack(0x0000000000f20000,0x0000000001020000)]

Other Threads:
  0x0000000014f65800 VMThread [stack: 0x0000000016010000,0x0000000016110000] [id=6516]
  0x0000000014ff5000 WatcherThread [stack: 0x0000000016910000,0x0000000016a10000] [id=4588]

VM state:not at safepoint (normal execution)

VM Mutex/Monitor currently owned by a thread: None

Heap:
 PSYoungGen      total 1536K, used 764K [0x00000000eab00000, 0x00000000ead00000, 0x0000000100000000)
  eden space 1024K, 24% used [0x00000000eab00000,0x00000000eab3f0a0,0x00000000eac00000)
  from space 512K, 100% used [0x00000000eac80000,0x00000000ead00000,0x00000000ead00000)
  to   space 512K, 0% used [0x00000000eac00000,0x00000000eac00000,0x00000000eac80000)
 ParOldGen       total 64000K, used 432K [0x00000000c0000000, 0x00000000c3e80000, 0x00000000eab00000)
  object space 64000K, 0% used [0x00000000c0000000,0x00000000c006c050,0x00000000c3e80000)
 Metaspace       used 6251K, capacity 6380K, committed 6528K, reserved 1056768K
  class space    used 749K, capacity 790K, committed 896K, reserved 1048576K

Card table byte_map: [0x0000000011c90000,0x0000000011ea0000] byte_map_base: 0x0000000011690000

Marking Bits: (ParMarkBitMap*) 0x000000005c6612b0
 Begin Bits: [0x0000000012400000, 0x0000000013400000)
 End Bits:   [0x0000000013400000, 0x0000000014400000)

Polling page: 0x0000000000dc0000

CodeCache: size=245760Kb used=1607Kb max_used=1607Kb free=244152Kb
 bounds [0x00000000028d0000, 0x0000000002b40000, 0x00000000118d0000]
 total_blobs=600 nmethods=250 adapters=265
 compilation: enabled

Compilation events (10 events):
Event: 1.899 Thread 0x0000000014feb800  247       1       java.util.HashMap::afterNodeInsertion (1 bytes)
Event: 1.899 Thread 0x0000000014feb800 nmethod 247 0x0000000002a60910 code [0x0000000002a60a60, 0x0000000002a60b70]
Event: 1.899 Thread 0x0000000014feb800  246       3       java.util.HashSet::add (20 bytes)
Event: 1.900 Thread 0x0000000014feb800 nmethod 246 0x0000000002a60bd0 code [0x0000000002a60d60, 0x0000000002a611d8]
Event: 1.900 Thread 0x0000000014feb800  248       3       java.lang.Integer::<init> (10 bytes)
Event: 1.900 Thread 0x0000000014feb800 nmethod 248 0x0000000002a61390 code [0x0000000002a61500, 0x0000000002a616f0]
Event: 1.900 Thread 0x0000000014feb800  249       3       java.lang.Integer::hashCode (8 bytes)
Event: 1.900 Thread 0x0000000014feb800 nmethod 249 0x0000000002a617d0 code [0x0000000002a61920, 0x0000000002a61ad0]
Event: 1.900 Thread 0x0000000014feb800  250       3       java.lang.Integer::hashCode (2 bytes)
Event: 1.900 Thread 0x0000000014feb800 nmethod 250 0x0000000002a61b90 code [0x0000000002a61ce0, 0x0000000002a61e10]

GC Heap History (8 events):
Event: 0.688 GC heap before
{Heap before GC invocations=1 (full 0):
 PSYoungGen      total 1024K, used 498K [0x00000000eab00000, 0x00000000eac80000, 0x0000000100000000)
  eden space 512K, 97% used [0x00000000eab00000,0x00000000eab7cb70,0x00000000eab80000)
  from space 512K, 0% used [0x00000000eac00000,0x00000000eac00000,0x00000000eac80000)
  to   space 512K, 0% used [0x00000000eab80000,0x00000000eab80000,0x00000000eac00000)
 ParOldGen       total 64000K, used 0K [0x00000000c0000000, 0x00000000c3e80000, 0x00000000eab00000)
  object space 64000K, 0% used [0x00000000c0000000,0x00000000c0000000,0x00000000c3e80000)
 Metaspace       used 2983K, capacity 4594K, committed 4864K, reserved 1056768K
  class space    used 338K, capacity 418K, committed 512K, reserved 1048576K
Event: 0.693 GC heap after
Heap after GC invocations=1 (full 0):
 PSYoungGen      total 1024K, used 432K [0x00000000eab00000, 0x00000000eac80000, 0x0000000100000000)
  eden space 512K, 0% used [0x00000000eab00000,0x00000000eab00000,0x00000000eab80000)
  from space 512K, 84% used [0x00000000eab80000,0x00000000eabec010,0x00000000eac00000)
  to   space 512K, 0% used [0x00000000eac00000,0x00000000eac00000,0x00000000eac80000)
 ParOldGen       total 64000K, used 8K [0x00000000c0000000, 0x00000000c3e80000, 0x00000000eab00000)
  object space 64000K, 0% used [0x00000000c0000000,0x00000000c0002000,0x00000000c3e80000)
 Metaspace       used 2983K, capacity 4594K, committed 4864K, reserved 1056768K
  class space    used 338K, capacity 418K, committed 512K, reserved 1048576K
}
Event: 1.125 GC heap before
{Heap before GC invocations=2 (full 0):
 PSYoungGen      total 1024K, used 944K [0x00000000eab00000, 0x00000000eac80000, 0x0000000100000000)
  eden space 512K, 100% used [0x00000000eab00000,0x00000000eab80000,0x00000000eab80000)
  from space 512K, 84% used [0x00000000eab80000,0x00000000eabec010,0x00000000eac00000)
  to   space 512K, 0% used [0x00000000eac00000,0x00000000eac00000,0x00000000eac80000)
 ParOldGen       total 64000K, used 8K [0x00000000c0000000, 0x00000000c3e80000, 0x00000000eab00000)
  object space 64000K, 0% used [0x00000000c0000000,0x00000000c0002000,0x00000000c3e80000)
 Metaspace       used 4643K, capacity 4750K, committed 4992K, reserved 1056768K
  class space    used 535K, capacity 564K, committed 640K, reserved 1048576K
Event: 1.131 GC heap after
Heap after GC invocations=2 (full 0):
 PSYoungGen      total 1024K, used 496K [0x00000000eab00000, 0x00000000ead00000, 0x0000000100000000)
  eden space 512K, 0% used [0x00000000eab00000,0x00000000eab00000,0x00000000eab80000)
  from space 512K, 96% used [0x00000000eac00000,0x00000000eac7c010,0x00000000eac80000)
  to   space 512K, 0% used [0x00000000eab80000,0x00000000eab80000,0x00000000eac00000)
 ParOldGen       total 64000K, used 56K [0x00000000c0000000, 0x00000000c3e80000, 0x00000000eab00000)
  object space 64000K, 0% used [0x00000000c0000000,0x00000000c000e000,0x00000000c3e80000)
 Metaspace       used 4643K, capacity 4750K, committed 4992K, reserved 1056768K
  class space    used 535K, capacity 564K, committed 640K, reserved 1048576K
}
Event: 1.292 GC heap before
{Heap before GC invocations=3 (full 0):
 PSYoungGen      total 1024K, used 1008K [0x00000000eab00000, 0x00000000ead00000, 0x0000000100000000)
  eden space 512K, 100% used [0x00000000eab00000,0x00000000eab80000,0x00000000eab80000)
  from space 512K, 96% used [0x00000000eac00000,0x00000000eac7c010,0x00000000eac80000)
  to   space 512K, 0% used [0x00000000eab80000,0x00000000eab80000,0x00000000eac00000)
 ParOldGen       total 64000K, used 56K [0x00000000c0000000, 0x00000000c3e80000, 0x00000000eab00000)
  object space 64000K, 0% used [0x00000000c0000000,0x00000000c000e000,0x00000000c3e80000)
 Metaspace       used 4934K, capacity 5104K, committed 5248K, reserved 1056768K
  class space    used 579K, capacity 621K, committed 640K, reserved 1048576K
Event: 1.303 GC heap after
Heap after GC invocations=3 (full 0):
 PSYoungGen      total 1024K, used 480K [0x00000000eab00000, 0x00000000ead00000, 0x0000000100000000)
  eden space 512K, 0% used [0x00000000eab00000,0x00000000eab00000,0x00000000eab80000)
  from space 512K, 93% used [0x00000000eab80000,0x00000000eabf8020,0x00000000eac00000)
  to   space 512K, 0% used [0x00000000eac80000,0x00000000eac80000,0x00000000ead00000)
 ParOldGen       total 64000K, used 144K [0x00000000c0000000, 0x00000000c3e80000, 0x00000000eab00000)
  object space 64000K, 0% used [0x00000000c0000000,0x00000000c0024000,0x00000000c3e80000)
 Metaspace       used 4934K, capacity 5104K, committed 5248K, reserved 1056768K
  class space    used 579K, capacity 621K, committed 640K, reserved 1048576K
}
Event: 1.816 GC heap before
{Heap before GC invocations=4 (full 0):
 PSYoungGen      total 1024K, used 992K [0x00000000eab00000, 0x00000000ead00000, 0x0000000100000000)
  eden space 512K, 100% used [0x00000000eab00000,0x00000000eab80000,0x00000000eab80000)
  from space 512K, 93% used [0x00000000eab80000,0x00000000eabf8020,0x00000000eac00000)
  to   space 512K, 0% used [0x00000000eac80000,0x00000000eac80000,0x00000000ead00000)
 ParOldGen       total 64000K, used 144K [0x00000000c0000000, 0x00000000c3e80000, 0x00000000eab00000)
  object space 64000K, 0% used [0x00000000c0000000,0x00000000c0024000,0x00000000c3e80000)
 Metaspace       used 5895K, capacity 6086K, committed 6144K, reserved 1056768K
  class space    used 692K, capacity 756K, committed 768K, reserved 1048576K
Event: 1.824 GC heap after
Heap after GC invocations=4 (full 0):
 PSYoungGen      total 1536K, used 512K [0x00000000eab00000, 0x00000000ead00000, 0x0000000100000000)
  eden space 1024K, 0% used [0x00000000eab00000,0x00000000eab00000,0x00000000eac00000)
  from space 512K, 100% used [0x00000000eac80000,0x00000000ead00000,0x00000000ead00000)
  to   space 512K, 0% used [0x00000000eac00000,0x00000000eac00000,0x00000000eac80000)
 ParOldGen       total 64000K, used 432K [0x00000000c0000000, 0x00000000c3e80000, 0x00000000eab00000)
  object space 64000K, 0% used [0x00000000c0000000,0x00000000c006c050,0x00000000c3e80000)
 Metaspace       used 5895K, capacity 6086K, committed 6144K, reserved 1056768K
  class space    used 692K, capacity 756K, committed 768K, reserved 1048576K
}

Deoptimization events (0 events):
No events

Internal exceptions (10 events):
Event: 0.762 Thread 0x0000000002770800 Exception <a 'java/io/FileNotFoundException'> (0x00000000eab1c798) thrown at [C:\re\workspace\8-2-build-windows-amd64-cygwin\jdk8u11\648\hotspot\src\share\vm\prims\jni.cpp, line 716]
Event: 1.049 Thread 0x0000000002770800 Exception <a 'java/io/FileNotFoundException'> (0x00000000eab3c820) thrown at [C:\re\workspace\8-2-build-windows-amd64-cygwin\jdk8u11\648\hotspot\src\share\vm\prims\jni.cpp, line 716]
Event: 1.104 Thread 0x0000000002770800 Exception <a 'java/lang/ClassNotFoundException': java/lang/Null> (0x00000000eab588a0) thrown at [C:\re\workspace\8-2-build-windows-amd64-cygwin\jdk8u11\648\hotspot\src\share\vm\classfile\systemDictionary.cpp, line 202]
Event: 1.160 Thread 0x0000000002770800 Exception <a 'java/lang/NoSuchFieldError': method resolution failed> (0x00000000eab2fdd0) thrown at [C:\re\workspace\8-2-build-windows-amd64-cygwin\jdk8u11\648\hotspot\src\share\vm\prims\methodHandles.cpp, line 1159]
Event: 1.174 Thread 0x0000000002770800 Exception <a 'java/lang/NoSuchFieldError': method resolution failed> (0x00000000eab3ec20) thrown at [C:\re\workspace\8-2-build-windows-amd64-cygwin\jdk8u11\648\hotspot\src\share\vm\prims\methodHandles.cpp, line 1159]
Event: 1.196 Thread 0x0000000002770800 Exception <a 'java/lang/NoSuchFieldError': method resolution failed> (0x00000000eab427e0) thrown at [C:\re\workspace\8-2-build-windows-amd64-cygwin\jdk8u11\648\hotspot\src\share\vm\prims\methodHandles.cpp, line 1159]
Event: 1.788 Thread 0x0000000002770800 Exception <a 'java/security/PrivilegedActionException'> (0x00000000eab5d7e8) thrown at [C:\re\workspace\8-2-build-windows-amd64-cygwin\jdk8u11\648\hotspot\src\share\vm\prims\jvm.cpp, line 1248]
Event: 1.788 Thread 0x0000000002770800 Exception <a 'java/security/PrivilegedActionException'> (0x00000000eab5e6d0) thrown at [C:\re\workspace\8-2-build-windows-amd64-cygwin\jdk8u11\648\hotspot\src\share\vm\prims\jvm.cpp, line 1248]
Event: 1.794 Thread 0x0000000002770800 Exception <a 'java/security/PrivilegedActionException'> (0x00000000eab62b18) thrown at [C:\re\workspace\8-2-build-windows-amd64-cygwin\jdk8u11\648\hotspot\src\share\vm\prims\jvm.cpp, line 1248]
Event: 1.794 Thread 0x0000000002770800 Exception <a 'java/security/PrivilegedActionException'> (0x00000000eab63a00) thrown at [C:\re\workspace\8-2-build-windows-amd64-cygwin\jdk8u11\648\hotspot\src\share\vm\prims\jvm.cpp, line 1248]

Events (10 events):
Event: 1.892 loading class sun/awt/windows/WWindowPeer done
Event: 1.892 loading class sun/awt/windows/WFramePeer done
Event: 1.894 loading class sun/awt/windows/WWindowPeer$ActiveWindowListener
Event: 1.895 loading class sun/awt/windows/WWindowPeer$ActiveWindowListener done
Event: 1.895 loading class sun/awt/windows/WWindowPeer$GuiDisposedListener
Event: 1.895 loading class sun/awt/windows/WWindowPeer$GuiDisposedListener done
Event: 1.896 loading class sun/awt/RepaintArea
Event: 1.897 loading class sun/awt/RepaintArea done
Event: 1.898 loading class sun/awt/ExtendedKeyCodes
Event: 1.898 loading class sun/awt/ExtendedKeyCodes done


Dynamic libraries:
0x00007ff68ca90000 - 0x00007ff68cac4000 	C:\Program Files\Java\jre8\bin\javaw.exe
0x00007ffb997c0000 - 0x00007ffb9996a000 	C:\Windows\SYSTEM32\ntdll.dll
0x00007ffb97040000 - 0x00007ffb9717a000 	C:\Windows\system32\KERNEL32.DLL
0x00007ffb96c00000 - 0x00007ffb96d0f000 	C:\Windows\system32\KERNELBASE.dll
0x00007ffb95760000 - 0x00007ffb957e8000 	C:\Windows\system32\apphelp.dll
0x00007ffb8e130000 - 0x00007ffb8e17f000 	C:\Windows\AppPatch\AppPatch64\AcGenral.DLL
0x00007ffb980e0000 - 0x00007ffb98187000 	C:\Windows\system32\msvcrt.dll
0x00007ffb96970000 - 0x00007ffb9699b000 	C:\Windows\SYSTEM32\SspiCli.dll
0x00007ffb977c0000 - 0x00007ffb97811000 	C:\Windows\system32\SHLWAPI.dll
0x00007ffb97b10000 - 0x00007ffb97c81000 	C:\Windows\system32\USER32.dll
0x00007ffb97630000 - 0x00007ffb977a8000 	C:\Windows\system32\ole32.dll
0x00007ffb983a0000 - 0x00007ffb997c0000 	C:\Windows\system32\SHELL32.dll
0x00007ffb961a0000 - 0x00007ffb961be000 	C:\Windows\SYSTEM32\USERENV.dll
0x00007ffb97a00000 - 0x00007ffb97aa5000 	C:\Windows\system32\ADVAPI32.dll
0x00007ffb889e0000 - 0x00007ffb889fb000 	C:\Windows\SYSTEM32\MPR.dll
0x00007ffb974f0000 - 0x00007ffb97627000 	C:\Windows\system32\RPCRT4.dll
0x00007ffb97c90000 - 0x00007ffb97ce7000 	C:\Windows\SYSTEM32\sechost.dll
0x00007ffb97ea0000 - 0x00007ffb98076000 	C:\Windows\SYSTEM32\combase.dll
0x00007ffb98250000 - 0x00007ffb98394000 	C:\Windows\system32\GDI32.dll
0x00007ffb96b30000 - 0x00007ffb96b44000 	C:\Windows\SYSTEM32\profapi.dll
0x00007ffb95170000 - 0x00007ffb9520f000 	C:\Windows\SYSTEM32\SHCORE.dll
0x00007ffb98210000 - 0x00007ffb98244000 	C:\Windows\system32\IMM32.DLL
0x00007ffb972f0000 - 0x00007ffb97429000 	C:\Windows\system32\MSCTF.dll
0x00007ffb93410000 - 0x00007ffb9366a000 	C:\Windows\WinSxS\amd64_microsoft.windows.common-controls_6595b64144ccf1df_6.0.9600.17031_none_6242a4b3ecbb55a1\COMCTL32.dll
0x000000005c6e0000 - 0x000000005c7b2000 	C:\Program Files\Java\jre8\bin\msvcr100.dll
0x000000005beb0000 - 0x000000005c6da000 	C:\Program Files\Java\jre8\bin\server\jvm.dll
0x00007ffb7d210000 - 0x00007ffb7d219000 	C:\Windows\SYSTEM32\WSOCK32.dll
0x00007ffb92e60000 - 0x00007ffb92e7f000 	C:\Windows\SYSTEM32\WINMM.dll
0x00007ffb977b0000 - 0x00007ffb977b7000 	C:\Windows\system32\PSAPI.DLL
0x00007ffb981b0000 - 0x00007ffb98208000 	C:\Windows\system32\WS2_32.dll
0x00007ffb92e20000 - 0x00007ffb92e4a000 	C:\Windows\SYSTEM32\WINMMBASE.dll
0x00007ffb97e90000 - 0x00007ffb97e99000 	C:\Windows\system32\NSI.dll
0x00007ffb96dc0000 - 0x00007ffb96e0a000 	C:\Windows\SYSTEM32\cfgmgr32.dll
0x00007ffb959c0000 - 0x00007ffb959e6000 	C:\Windows\SYSTEM32\DEVOBJ.dll
0x000000005bea0000 - 0x000000005beaf000 	C:\Program Files\Java\jre8\bin\verify.dll
0x000000005be70000 - 0x000000005be98000 	C:\Program Files\Java\jre8\bin\java.dll
0x000000005be50000 - 0x000000005be66000 	C:\Program Files\Java\jre8\bin\zip.dll
0x000000005a400000 - 0x000000005a596000 	C:\Program Files\Java\jre8\bin\awt.dll
0x00007ffb97430000 - 0x00007ffb974e7000 	C:\Windows\system32\OLEAUT32.dll
0x00007ffb939a0000 - 0x00007ffb939c0000 	C:\Windows\system32\DWMAPI.DLL
0x00007ffb95830000 - 0x00007ffb95951000 	C:\Windows\system32\uxtheme.dll
0x00007ffb95800000 - 0x00007ffb9580a000 	C:\Windows\SYSTEM32\kernel.appcore.dll
0x00007ffb96a70000 - 0x00007ffb96a7a000 	C:\Windows\SYSTEM32\CRYPTBASE.dll
0x00007ffb969a0000 - 0x00007ffb96a00000 	C:\Windows\SYSTEM32\bcryptPrimitives.dll
0x00007ffb8d400000 - 0x00007ffb8d608000 	C:\Windows\system32\d3d9.dll
0x00007ffb93670000 - 0x00007ffb9367a000 	C:\Windows\SYSTEM32\VERSION.dll
0x00007ffb771f0000 - 0x00007ffb78293000 	C:\Windows\SYSTEM32\nvd3dumx.dll
0x0000000180000000 - 0x0000000180142000 	C:\Windows\system32\nvspcap64.dll
0x00007ffb96e10000 - 0x00007ffb96fe7000 	C:\Windows\system32\CRYPT32.dll
0x00007ffb96be0000 - 0x00007ffb96bf2000 	C:\Windows\system32\MSASN1.dll
0x00007ffb93680000 - 0x00007ffb9399d000 	C:\Windows\system32\nvapi64.dll
0x00007ffb97820000 - 0x00007ffb979f4000 	C:\Windows\system32\SETUPAPI.dll
0x00007ffb96a20000 - 0x00007ffb96a65000 	C:\Windows\system32\powrprof.dll
0x00007ffb919d0000 - 0x00007ffb91b38000 	C:\Program Files (x86)\NVIDIA Corporation\3D Vision\nvSCPAPI64.dll
0x00007ffb96ff0000 - 0x00007ffb9703c000 	C:\Windows\system32\WINTRUST.dll
0x00007ffb94d20000 - 0x00007ffb94d9f000 	C:\Windows\system32\dxgi.dll
0x00007ffb78960000 - 0x00007ffb78ae8000 	C:\Windows\SYSTEM32\dbghelp.dll

VM Arguments:
jvm_args: -Dfile.encoding=Cp1252 
java_command: io.github.quackmatic.gloop.Test
java_class_path (initial): C:\Users\Thomas\Workspace\gloop\bin
Launcher Type: SUN_STANDARD

Environment Variables:
JAVA_HOME=C:/Program Files/Java/jdk1.8.0_11
PATH=C:\Program Files (x86)\NVIDIA Corporation\PhysX\Common;C:\Windows\system32;C:\Windows;C:\Windows\System32\Wbem;C:\Windows\System32\WindowsPowerShell\v1.0\;C:\Program Files (x86)\Windows Kits\8.1\Windows Performance Toolkit\;C:\Program Files (x86)\Microsoft SDKs\TypeScript\1.0\;C:\Program Files\Microsoft\Web Platform Installer\;C:\Program Files (x86)\CMake\bin;C:\Program Files (x86)\GtkSharp\2.12\bin
USERNAME=Thomas
OS=Windows_NT
PROCESSOR_IDENTIFIER=Intel64 Family 6 Model 23 Stepping 7, GenuineIntel



---------------  S Y S T E M  ---------------

OS: Windows 8.1 , 64 bit Build 9600 

CPU:total 4 (4 cores per cpu, 1 threads per core) family 6 model 23 stepping 7, cmov, cx8, fxsr, mmx, sse, sse2, sse3, ssse3, sse4.1, tsc

Memory: 4k page, physical 4193264k(1816784k free), swap 5682908k(2119308k free)

vm_info: Java HotSpot(TM) 64-Bit Server VM (25.11-b03) for windows-amd64 JRE (1.8.0_11-b12), built on Jun 16 2014 20:57:32 by "java_re" with MS VC++ 10.0 (VS2010)

time: Fri Aug 22 14:43:00 2014
elapsed time: 2 seconds

